<?xml version="1.0" encoding="UTF-8"?>
<!-- Generated by org.testng.reporters.JUnitXMLReporter -->
<testsuite ignored="0" hostname="ADMINRG-KGQ9CML" failures="2" tests="3" name="Default test" time="32.744" errors="0" timestamp="2023-11-06T14:06:15 CET">
  <testcase classname="io.cucumber.testng.AbstractTestNGCucumberTests" name="runScenario" time="5.597"/>
  <testcase classname="io.cucumber.testng.AbstractTestNGCucumberTests" name="runScenario" time="23.613">
    <failure type="java.lang.AssertionError" message="expected [Proxy element for: DefaultElementLocator &amp;apos;By.xpath: //h1[normalize-space()=&amp;apos;Search results&amp;apos;]&amp;apos;] but found [null]">
      <![CDATA[java.lang.AssertionError: expected [Proxy element for: DefaultElementLocator 'By.xpath: //h1[normalize-space()='Search results']'] but found [null]
at org.testng.Assert.fail(Assert.java:99)
at org.testng.Assert.failNotEquals(Assert.java:1037)
at org.testng.Assert.assertEqualsImpl(Assert.java:140)
at org.testng.Assert.assertEquals(Assert.java:122)
at org.testng.Assert.assertEquals(Assert.java:617)
at stepDefinitions.Search.verifySearchResults(Search.java:68)
at ✽.i see search results(file:///D:/Eclipse-Java-Projekat/VegaIT/src/test/java/features/HomePageBugs.feature:10)
]]>
    </failure>
  </testcase> <!-- runScenario -->
  <testcase classname="io.cucumber.testng.AbstractTestNGCucumberTests" name="runScenario" time="3.058">
    <failure type="java.lang.AssertionError" message="did not expect [Please insert your email.] but found [Please insert your email.]">
      <![CDATA[java.lang.AssertionError: did not expect [Please insert your email.] but found [Please insert your email.]
at org.testng.Assert.fail(Assert.java:99)
at org.testng.Assert.failEquals(Assert.java:1041)
at org.testng.Assert.assertNotEqualsImpl(Assert.java:147)
at org.testng.Assert.assertNotEquals(Assert.java:1531)
at org.testng.Assert.assertNotEquals(Assert.java:1535)
at stepDefinitions.SubmitButton.warningText(SubmitButton.java:57)
at ✽.i see proper warning text for every field(file:///D:/Eclipse-Java-Projekat/VegaIT/src/test/java/features/Submit.feature:7)
]]>
    </failure>
  </testcase> <!-- runScenario -->
</testsuite> <!-- Default test -->
