<?xml version="1.0" encoding="UTF-8"?>
<!-- Generated by org.testng.reporters.JUnitXMLReporter -->
<testsuite ignored="0" hostname="ADMINRG-KGQ9CML" failures="2" tests="3" name="Test" time="35.584" errors="0" timestamp="2023-11-06T19:54:53 CET">
  <testcase classname="TestNGTests.FollowUsSubmit" name="Submit" time="0.576">
    <failure type="java.lang.AssertionError" message="did not expect [Please insert your email.] but found [Please insert your email.]">
      <![CDATA[java.lang.AssertionError: did not expect [Please insert your email.] but found [Please insert your email.]
at TestNGTests.FollowUsSubmit.Submit(FollowUsSubmit.java:53)
at java.base/java.util.ArrayList.forEach(ArrayList.java:1511)
... Removed 32 stack frames]]>
    </failure>
  </testcase> <!-- Submit -->
  <testcase classname="TestNGTests.SearchOption" name="Search" time="2.903"/>
  <testcase classname="TestNGTests.SearchOption" name="Search" time="22.787">
    <failure type="java.lang.AssertionError" message="expected [Proxy element for: DefaultElementLocator &amp;apos;By.xpath: //h1[normalize-space()=&amp;apos;Search results&amp;apos;]&amp;apos;] but found [null]">
      <![CDATA[java.lang.AssertionError: expected [Proxy element for: DefaultElementLocator 'By.xpath: //h1[normalize-space()='Search results']'] but found [null]
at TestNGTests.SearchOption.Search(SearchOption.java:60)
at java.base/java.util.ArrayList.forEach(ArrayList.java:1511)
... Removed 32 stack frames]]>
    </failure>
  </testcase> <!-- Search -->
</testsuite> <!-- Test -->
